\BOOKMARK [1][-]{section.1}{Introduction}{}% 1
\BOOKMARK [1][-]{section.2}{Basic Concepts}{}% 2
\BOOKMARK [2][-]{subsection.2.1}{Slums}{section.2}% 3
\BOOKMARK [3][-]{subsubsection.2.1.1}{Definition and Properties}{subsection.2.1}% 4
\BOOKMARK [3][-]{subsubsection.2.1.2}{Slums in Guayaquil}{subsection.2.1}% 5
\BOOKMARK [3][-]{subsubsection.2.1.3}{Upgrade Slums}{subsection.2.1}% 6
\BOOKMARK [2][-]{subsection.2.2}{Topological Graph Theory}{section.2}% 7
\BOOKMARK [2][-]{subsection.2.3}{Topological Optimization}{section.2}% 8
\BOOKMARK [1][-]{section.3}{Methodology}{}% 9
\BOOKMARK [1][-]{section.4}{Results}{}% 10
\BOOKMARK [2][-]{subsection.4.1}{Topology of a City}{section.4}% 11
\BOOKMARK [3][-]{subsubsection.4.1.1}{Topology of Access System}{subsection.4.1}% 12
\BOOKMARK [3][-]{subsubsection.4.1.2}{Topology of City Blocks}{subsection.4.1}% 13
\BOOKMARK [2][-]{subsection.4.2}{Minimal Neighborhood Reblocking}{section.4}% 14
\BOOKMARK [1][-]{section.5}{Implementation}{}% 15
\BOOKMARK [2][-]{subsection.5.1}{An Academic Example}{section.5}% 16
\BOOKMARK [2][-]{subsection.5.2}{Ciudad de Dios neighborhood in Guayaquil}{section.5}% 17
\BOOKMARK [1][-]{section.6}{Conclusions}{}% 18
\BOOKMARK [1][-]{section.6}{References}{}% 19
\BOOKMARK [1][-]{section*.16}{Appendices}{}% 20
\BOOKMARK [1][-]{appendix.A}{Code in Python}{}% 21
\BOOKMARK [1][-]{appendix.B}{Euler's Figures from \217Solutio problematis ad geometriam situs pertinentis.\220}{}% 22
